<?xml version="1.0" encoding="UTF-8"?>
<!-- Generated by org.testng.reporters.JUnitXMLReporter -->
<testsuite ignored="0" hostname="HASEEF" failures="0" tests="40" name="Default test" time="296.809" errors="0" timestamp="2021-07-02T15:04:33 IST">
  <testcase classname="com.bounceadmin.testscript.ListNursery" name="filterByNurseryNameAndStatus" time="9.931"/>
  <testcase classname="com.bounceadmin.testscript.ListNursery" name="filterByNurseryNameAndEmail" time="2.915"/>
  <testcase classname="com.bounceadmin.testscript.ListNursery" name="filterByNurseryNameAndCountry" time="3.086"/>
  <testcase classname="com.bounceadmin.testscript.ListNursery" name="filterByNurseryNameAndCountryCode" time="3.365"/>
  <testcase classname="com.bounceadmin.testscript.ListNursery" name="filterByNurseryNameAndPhone" time="3.0"/>
  <testcase classname="com.bounceadmin.testscript.ListNursery" name="filterByNurseryNameAndAccess" time="3.09"/>
  <testcase classname="com.bounceadmin.testscript.ListNursery" name="filterByStatusAndEmail" time="2.509"/>
  <testcase classname="com.bounceadmin.testscript.ListNursery" name="filterByStatusAndCountry" time="21.452"/>
  <testcase classname="com.bounceadmin.testscript.ListNursery" name="filterByStatusAndCountryCode" time="11.902"/>
  <testcase classname="com.bounceadmin.testscript.ListNursery" name="filterByStatusAndPhone" time="3.125"/>
  <testcase classname="com.bounceadmin.testscript.ListNursery" name="filterByStatusAndAccess" time="42.883"/>
  <testcase classname="com.bounceadmin.testscript.ListNursery" name="filterByEmailAndCountry" time="2.922"/>
  <testcase classname="com.bounceadmin.testscript.ListNursery" name="filterByEmailAndCountryCode" time="2.95"/>
  <testcase classname="com.bounceadmin.testscript.ListNursery" name="filterByEmailAndPhone" time="2.764"/>
  <testcase classname="com.bounceadmin.testscript.ListNursery" name="filterByEmailAndAccess" time="2.908"/>
  <testcase classname="com.bounceadmin.testscript.ListNursery" name="filterByCountryAndCountryCode" time="20.902"/>
  <testcase classname="com.bounceadmin.testscript.ListNursery" name="filterByCountryAndPhone" time="3.406"/>
  <testcase classname="com.bounceadmin.testscript.ListNursery" name="filterByCountryAndAccess" time="32.66"/>
  <testcase classname="com.bounceadmin.testscript.ListNursery" name="filterByCountryCodeAndPhone" time="2.788"/>
  <testcase classname="com.bounceadmin.testscript.ListNursery" name="filterByCountryCodeAndAccess" time="21.82"/>
  <testcase classname="com.bounceadmin.testscript.ListNursery" name="filterByPhoneAndAccess" time="3.013"/>
  <testcase classname="com.bounceadmin.testscript.ListNursery" name="filterByNurseryNameStatusAndEmail" time="3.441"/>
  <testcase classname="com.bounceadmin.testscript.ListNursery" name="filterByNurseryNameStatusAndCountry" time="3.097"/>
  <testcase classname="com.bounceadmin.testscript.ListNursery" name="filterByNurseryNameStatusAndCountryCode" time="3.147"/>
  <testcase classname="com.bounceadmin.testscript.ListNursery" name="filterByNurseryNameStatusAndPhone" time="3.371"/>
  <testcase classname="com.bounceadmin.testscript.ListNursery" name="filterByNurseryNameStatusAndAccess" time="3.374"/>
  <testcase classname="com.bounceadmin.testscript.ListNursery" name="filterByNameEmailAndCountry" time="3.462"/>
  <testcase classname="com.bounceadmin.testscript.ListNursery" name="filterByNameEmailAndCountryCode" time="3.548"/>
  <testcase classname="com.bounceadmin.testscript.ListNursery" name="filterByNameEmailAndPhone" time="3.454"/>
  <testcase classname="com.bounceadmin.testscript.ListNursery" name="filterByStatusEmailAndCountry" time="3.361"/>
  <testcase classname="com.bounceadmin.testscript.ListNursery" name="filterByStatusCountryAndCountryCode" time="18.273"/>
  <testcase classname="com.bounceadmin.testscript.ListNursery" name="filterByStatusCountryAndPhone" time="3.168"/>
  <testcase classname="com.bounceadmin.testscript.ListNursery" name="filterByNameCountryAndPhone" time="3.306"/>
  <testcase classname="com.bounceadmin.testscript.ListNursery" name="filterByEmailCountryAndPhone" time="3.466"/>
  <testcase classname="com.bounceadmin.testscript.ListNursery" name="filterNurseryByNameEmailCountryAndPhone" time="3.261"/>
  <testcase classname="com.bounceadmin.testscript.ListNursery" name="filterNurseryByNameEmailCountryCountrycodeAndPhone" time="3.231"/>
  <testcase classname="com.bounceadmin.testscript.ListNursery" name="filterNurseryByNameStatusCountryPhone" time="3.421"/>
  <testcase classname="com.bounceadmin.testscript.ListNursery" name="filterNurseryByNameStatusEmailCountryCountrycodeAndPhone" time="3.346"/>
  <testcase classname="com.bounceadmin.testscript.ListNursery" name="filterNurseryByStatusEmailCountryCountryCodeAndPhone" time="3.417"/>
  <testcase classname="com.bounceadmin.testscript.ListNursery" name="filterNurseryList" time="3.086"/>
</testsuite> <!-- Default test -->
