<?xml version="1.0" encoding="UTF-8"?>
<!-- Generated by org.testng.reporters.JUnitXMLReporter -->
<testsuite ignored="0" hostname="HASEEF" failures="0" tests="2" name="Actiity Report Test" time="14.436" errors="0" timestamp="2021-06-22T11:37:14 IST">
  <testcase classname="com.bounceadmin.testscript.ActivityReport" name="filterReportByCountry" time="7.115"/>
  <testcase classname="com.bounceadmin.testscript.ActivityReport" name="filterReportByNurseryName" time="2.177"/>
</testsuite> <!-- Actiity Report Test -->
