<?xml version="1.0" encoding="UTF-8"?>
<!-- Generated by org.testng.reporters.JUnitXMLReporter -->
<testsuite ignored="2" hostname="HASEEF" failures="0" tests="2" name="Add Nursery Test" time="30.076" errors="0" timestamp="2021-06-22T11:36:31 IST">
  <testcase classname="com.bounceadmin.testscript.AddNursery" name="verifyMandatoryMsgVisible" time="5.304"/>
  <testcase classname="com.bounceadmin.testscript.AddNursery" name="verifyAddNurserywithMnadatoryOnly" time="19.581"/>
  <testcase classname="com.bounceadmin.testscript.AddNursery" name="listandViewNurseryDetails" time="0.0">
    <ignored/>
  </testcase> <!-- listandViewNurseryDetails -->
  <testcase classname="com.bounceadmin.testscript.AddNursery" name="verifyAddNurserywithAllFields" time="0.0">
    <ignored/>
  </testcase> <!-- verifyAddNurserywithAllFields -->
</testsuite> <!-- Add Nursery Test -->
