<?xml version="1.0" encoding="UTF-8"?>
<!-- Generated by org.testng.reporters.JUnitXMLReporter -->
<testsuite ignored="2" hostname="HASEEF" failures="0" tests="2" name="Add Staff Test" time="16.132" errors="0" timestamp="2021-06-22T11:36:59 IST">
  <testcase classname="com.bounceadmin.testscript.AddStaff" name="verifyMandatoryMsg" time="4.792"/>
  <testcase classname="com.bounceadmin.testscript.AddStaff" name="addStaffAsBounceAdmin" time="7.666"/>
  <testcase classname="com.bounceadmin.testscript.AddStaff" name="addStaffWithBothRoles" time="0.0">
    <ignored/>
  </testcase> <!-- addStaffWithBothRoles -->
  <testcase classname="com.bounceadmin.testscript.AddStaff" name="addStaffAsCustomerSupportAgent" time="0.0">
    <ignored/>
  </testcase> <!-- addStaffAsCustomerSupportAgent -->
</testsuite> <!-- Add Staff Test -->
