<?xml version="1.0" encoding="UTF-8"?>
<!-- Generated by org.testng.reporters.JUnitXMLReporter -->
<testsuite ignored="0" hostname="HASEEF" failures="0" tests="10" name="List Staff Test" time="93.903" errors="0" timestamp="2021-06-18T12:04:40 IST">
  <testcase classname="com.bounceadmin.testscript.StaffList" name="listAndViewStaffDetails" time="9.087"/>
  <testcase classname="com.bounceadmin.testscript.StaffList" name="filterStaffByName" time="3.867"/>
  <testcase classname="com.bounceadmin.testscript.StaffList" name="filterStaffByEmail" time="3.255"/>
  <testcase classname="com.bounceadmin.testscript.StaffList" name="filterStaffByStatus" time="23.451"/>
  <testcase classname="com.bounceadmin.testscript.StaffList" name="filterStaffByRoleAsCustomersupport" time="5.837"/>
  <testcase classname="com.bounceadmin.testscript.StaffList" name="filterStaffByRoleAsBounceAdmin" time="20.227"/>
  <testcase classname="com.bounceadmin.testscript.StaffList" name="verifyMultiRolesForSingleName" time="3.518"/>
  <testcase classname="com.bounceadmin.testscript.StaffList" name="verifySortForName" time="7.137"/>
  <testcase classname="com.bounceadmin.testscript.StaffList" name="verifySortForEmail" time="6.482"/>
  <testcase classname="com.bounceadmin.testscript.StaffList" name="verifySortForStatus" time="6.531"/>
</testsuite> <!-- List Staff Test -->
