<?xml version="1.0" encoding="UTF-8"?>
<!-- Generated by org.testng.reporters.JUnitXMLReporter -->
<testsuite ignored="11" hostname="HASEEF" failures="0" tests="1" name="List Nursery Test" time="11.9" errors="0" timestamp="2021-06-22T11:36:43 IST">
  <testcase classname="com.bounceadmin.testscript.ListNursery" name="filterByCountry" time="7.88"/>
  <testcase classname="com.bounceadmin.testscript.ListNursery" name="filterByPhoneNumber" time="0.0">
    <ignored/>
  </testcase> <!-- filterByPhoneNumber -->
  <testcase classname="com.bounceadmin.testscript.ListNursery" name="verifySortForStatus" time="0.0">
    <ignored/>
  </testcase> <!-- verifySortForStatus -->
  <testcase classname="com.bounceadmin.testscript.ListNursery" name="verifySortForCountry" time="0.0">
    <ignored/>
  </testcase> <!-- verifySortForCountry -->
  <testcase classname="com.bounceadmin.testscript.ListNursery" name="filterByEmail" time="0.0">
    <ignored/>
  </testcase> <!-- filterByEmail -->
  <testcase classname="com.bounceadmin.testscript.ListNursery" name="verifySortForNurseryEmail" time="0.0">
    <ignored/>
  </testcase> <!-- verifySortForNurseryEmail -->
  <testcase classname="com.bounceadmin.testscript.ListNursery" name="editNursery" time="0.0">
    <ignored/>
  </testcase> <!-- editNursery -->
  <testcase classname="com.bounceadmin.testscript.ListNursery" name="filterByActiveStatus" time="0.0">
    <ignored/>
  </testcase> <!-- filterByActiveStatus -->
  <testcase classname="com.bounceadmin.testscript.ListNursery" name="filterByPhoneCode" time="0.0">
    <ignored/>
  </testcase> <!-- filterByPhoneCode -->
  <testcase classname="com.bounceadmin.testscript.ListNursery" name="verifySortForCreatedDate" time="0.0">
    <ignored/>
  </testcase> <!-- verifySortForCreatedDate -->
  <testcase classname="com.bounceadmin.testscript.ListNursery" name="verifySortForNurseryName" time="0.0">
    <ignored/>
  </testcase> <!-- verifySortForNurseryName -->
  <testcase classname="com.bounceadmin.testscript.ListNursery" name="filterByNurseryName" time="0.0">
    <ignored/>
  </testcase> <!-- filterByNurseryName -->
</testsuite> <!-- List Nursery Test -->
