<?xml version="1.0" encoding="UTF-8"?>
<!-- Generated by org.testng.reporters.JUnitXMLReporter -->
<testsuite ignored="0" hostname="HASEEF" failures="0" tests="20" name="List Payment Transaction Test" time="245.264" errors="0" timestamp="2021-06-18T12:01:31 IST">
  <testcase classname="com.bounceadmin.testscript.PaymentTransactionsList" name="filterByDate" time="7.523"/>
  <testcase classname="com.bounceadmin.testscript.PaymentTransactionsList" name="filterByPayMode" time="70.153"/>
  <testcase classname="com.bounceadmin.testscript.PaymentTransactionsList" name="filterByPaymentGateway" time="14.808"/>
  <testcase classname="com.bounceadmin.testscript.PaymentTransactionsList" name="filterByPaymentMethod" time="7.022"/>
  <testcase classname="com.bounceadmin.testscript.PaymentTransactionsList" name="filterByNurseryName" time="2.828"/>
  <testcase classname="com.bounceadmin.testscript.PaymentTransactionsList" name="filterByTransactionStatus" time="46.324"/>
  <testcase classname="com.bounceadmin.testscript.PaymentTransactionsList" name="filterByReconciliationStatus" time="11.21"/>
  <testcase classname="com.bounceadmin.testscript.PaymentTransactionsList" name="filterByTransferStatus" time="9.953"/>
  <testcase classname="com.bounceadmin.testscript.PaymentTransactionsList" name="filterByPaymentGatewayRefId" time="2.667"/>
  <testcase classname="com.bounceadmin.testscript.PaymentTransactionsList" name="verifyPrintClickPrint" time="3.238"/>
  <testcase classname="com.bounceadmin.testscript.PaymentTransactionsList" name="verifyPrintClickCancel" time="2.519"/>
  <testcase classname="com.bounceadmin.testscript.PaymentTransactionsList" name="verifySortForCustomerRefId" time="6.568"/>
  <testcase classname="com.bounceadmin.testscript.PaymentTransactionsList" name="verifySortForBounceId" time="6.576"/>
  <testcase classname="com.bounceadmin.testscript.PaymentTransactionsList" name="verifySortForNurseryName" time="6.615"/>
  <testcase classname="com.bounceadmin.testscript.PaymentTransactionsList" name="verifySortForPayDate" time="6.606"/>
  <testcase classname="com.bounceadmin.testscript.PaymentTransactionsList" name="verifySortForAmount" time="6.654"/>
  <testcase classname="com.bounceadmin.testscript.PaymentTransactionsList" name="verifySortForPayGateway" time="6.59"/>
  <testcase classname="com.bounceadmin.testscript.PaymentTransactionsList" name="verifySortForPayMethod" time="6.578"/>
  <testcase classname="com.bounceadmin.testscript.PaymentTransactionsList" name="verifySortForPayMode" time="6.626"/>
  <testcase classname="com.bounceadmin.testscript.PaymentTransactionsList" name="verifySortForGatewayRefId" time="6.613"/>
</testsuite> <!-- List Payment Transaction Test -->
