<?xml version="1.0" encoding="UTF-8"?>
<!-- Generated by org.testng.reporters.JUnitXMLReporter -->
<testsuite ignored="0" hostname="HASEEF" failures="0" tests="5" name="Login Test" time="31.504" errors="0" timestamp="2021-06-18T11:55:17 IST">
  <testcase classname="com.bounceadmin.testscript.LogIn" name="invalidEmail" time="2.921"/>
  <testcase classname="com.bounceadmin.testscript.LogIn" name="invalidCredentials" time="2.343"/>
  <testcase classname="com.bounceadmin.testscript.LogIn" name="noCredentials" time="1.072"/>
  <testcase classname="com.bounceadmin.testscript.LogIn" name="validLoginAsDarisniAdmin" time="12.639"/>
  <testcase classname="com.bounceadmin.testscript.LogIn" name="validLoginAsDarisniSuperAdmin" time="10.695"/>
</testsuite> <!-- Login Test -->
