<?xml version="1.0" encoding="UTF-8"?>
<!-- Generated by org.testng.reporters.JUnitXMLReporter -->
<testsuite ignored="0" hostname="HASEEF" failures="0" tests="2" name="Lvc Report Test" time="12.175" errors="0" timestamp="2021-06-22T11:37:26 IST">
  <testcase classname="com.bounceadmin.testscript.LvcReport" name="filterReportByCountry" time="6.389"/>
  <testcase classname="com.bounceadmin.testscript.LvcReport" name="filterReportByNurseryName" time="1.235"/>
</testsuite> <!-- Lvc Report Test -->
