<?xml version="1.0" encoding="UTF-8"?>
<!-- Generated by org.testng.reporters.JUnitXMLReporter -->
<testsuite ignored="0" hostname="HASEEF" failures="0" tests="4" name="OTP List Test" time="27.161" errors="0" timestamp="2021-06-18T12:10:21 IST">
  <testcase classname="com.bounceadmin.testscript.OTPList" name="verifyHeadersAndfilterByStatus" time="6.21"/>
  <testcase classname="com.bounceadmin.testscript.OTPList" name="filterByPhoneCode" time="2.929"/>
  <testcase classname="com.bounceadmin.testscript.OTPList" name="verifySortForPhoneNumber" time="7.018"/>
  <testcase classname="com.bounceadmin.testscript.OTPList" name="verifySortForCreatedDate" time="6.426"/>
</testsuite> <!-- OTP List Test -->
