<?xml version="1.0" encoding="UTF-8"?>
<testng-results ignored="0" total="40" passed="40" failed="0" skipped="0">
  <reporter-output>
  </reporter-output>
  <suite started-at="2021-07-02T14:59:36 IST" name="Default suite" finished-at="2021-07-02T15:04:33 IST" duration-ms="296809">
    <groups>
    </groups>
    <test started-at="2021-07-02T14:59:36 IST" name="Default test" finished-at="2021-07-02T15:04:33 IST" duration-ms="296809">
      <class name="com.bounceadmin.testscript.ListNursery">
        <test-method is-config="true" signature="start()[pri:0, instance:com.bounceadmin.testscript.ListNursery@5ace1ed4]" started-at="2021-07-02T14:59:29 IST" name="start" finished-at="2021-07-02T14:59:36 IST" duration-ms="6298" status="PASS">
          <reporter-output>
          </reporter-output>
        </test-method> <!-- start -->
        <test-method is-config="true" signature="initialize()[pri:0, instance:com.bounceadmin.testscript.ListNursery@5ace1ed4]" started-at="2021-07-02T14:59:36 IST" name="initialize" finished-at="2021-07-02T14:59:41 IST" duration-ms="5381" status="PASS">
          <reporter-output>
          </reporter-output>
        </test-method> <!-- initialize -->
        <test-method signature="filterByNurseryNameAndStatus()[pri:1, instance:com.bounceadmin.testscript.ListNursery@5ace1ed4]" started-at="2021-07-02T14:59:41 IST" name="filterByNurseryNameAndStatus" finished-at="2021-07-02T14:59:51 IST" duration-ms="9931" status="PASS">
          <reporter-output>
          </reporter-output>
        </test-method> <!-- filterByNurseryNameAndStatus -->
        <test-method is-config="true" signature="testReportResult(org.testng.ITestResult)[pri:0, instance:com.bounceadmin.testscript.ListNursery@5ace1ed4]" started-at="2021-07-02T14:59:51 IST" name="testReportResult" finished-at="2021-07-02T14:59:51 IST" duration-ms="264" status="PASS">
          <params>
            <param index="0">
              <value>
                <![CDATA[[TestResult name=filterByNurseryNameAndStatus status=SUCCESS method=ListNursery.filterByNurseryNameAndStatus()[pri:1, instance:com.bounceadmin.testscript.ListNursery@5ace1ed4] output={null}]]]>
              </value>
            </param>
          </params>
          <reporter-output>
          </reporter-output>
        </test-method> <!-- testReportResult -->
        <test-method signature="filterByNurseryNameAndEmail()[pri:2, instance:com.bounceadmin.testscript.ListNursery@5ace1ed4]" started-at="2021-07-02T14:59:51 IST" name="filterByNurseryNameAndEmail" finished-at="2021-07-02T14:59:54 IST" duration-ms="2915" status="PASS">
          <reporter-output>
          </reporter-output>
        </test-method> <!-- filterByNurseryNameAndEmail -->
        <test-method is-config="true" signature="testReportResult(org.testng.ITestResult)[pri:0, instance:com.bounceadmin.testscript.ListNursery@5ace1ed4]" started-at="2021-07-02T14:59:54 IST" name="testReportResult" finished-at="2021-07-02T14:59:54 IST" duration-ms="239" status="PASS">
          <params>
            <param index="0">
              <value>
                <![CDATA[[TestResult name=filterByNurseryNameAndEmail status=SUCCESS method=ListNursery.filterByNurseryNameAndEmail()[pri:2, instance:com.bounceadmin.testscript.ListNursery@5ace1ed4] output={null}]]]>
              </value>
            </param>
          </params>
          <reporter-output>
          </reporter-output>
        </test-method> <!-- testReportResult -->
        <test-method signature="filterByNurseryNameAndCountry()[pri:3, instance:com.bounceadmin.testscript.ListNursery@5ace1ed4]" started-at="2021-07-02T14:59:54 IST" name="filterByNurseryNameAndCountry" finished-at="2021-07-02T14:59:58 IST" duration-ms="3086" status="PASS">
          <reporter-output>
          </reporter-output>
        </test-method> <!-- filterByNurseryNameAndCountry -->
        <test-method is-config="true" signature="testReportResult(org.testng.ITestResult)[pri:0, instance:com.bounceadmin.testscript.ListNursery@5ace1ed4]" started-at="2021-07-02T14:59:58 IST" name="testReportResult" finished-at="2021-07-02T14:59:58 IST" duration-ms="277" status="PASS">
          <params>
            <param index="0">
              <value>
                <![CDATA[[TestResult name=filterByNurseryNameAndCountry status=SUCCESS method=ListNursery.filterByNurseryNameAndCountry()[pri:3, instance:com.bounceadmin.testscript.ListNursery@5ace1ed4] output={null}]]]>
              </value>
            </param>
          </params>
          <reporter-output>
          </reporter-output>
        </test-method> <!-- testReportResult -->
        <test-method signature="filterByNurseryNameAndCountryCode()[pri:4, instance:com.bounceadmin.testscript.ListNursery@5ace1ed4]" started-at="2021-07-02T14:59:58 IST" name="filterByNurseryNameAndCountryCode" finished-at="2021-07-02T15:00:01 IST" duration-ms="3365" status="PASS">
          <reporter-output>
          </reporter-output>
        </test-method> <!-- filterByNurseryNameAndCountryCode -->
        <test-method is-config="true" signature="testReportResult(org.testng.ITestResult)[pri:0, instance:com.bounceadmin.testscript.ListNursery@5ace1ed4]" started-at="2021-07-02T15:00:01 IST" name="testReportResult" finished-at="2021-07-02T15:00:01 IST" duration-ms="195" status="PASS">
          <params>
            <param index="0">
              <value>
                <![CDATA[[TestResult name=filterByNurseryNameAndCountryCode status=SUCCESS method=ListNursery.filterByNurseryNameAndCountryCode()[pri:4, instance:com.bounceadmin.testscript.ListNursery@5ace1ed4] output={null}]]]>
              </value>
            </param>
          </params>
          <reporter-output>
          </reporter-output>
        </test-method> <!-- testReportResult -->
        <test-method signature="filterByNurseryNameAndPhone()[pri:5, instance:com.bounceadmin.testscript.ListNursery@5ace1ed4]" started-at="2021-07-02T15:00:01 IST" name="filterByNurseryNameAndPhone" finished-at="2021-07-02T15:00:04 IST" duration-ms="3000" status="PASS">
          <reporter-output>
          </reporter-output>
        </test-method> <!-- filterByNurseryNameAndPhone -->
        <test-method is-config="true" signature="testReportResult(org.testng.ITestResult)[pri:0, instance:com.bounceadmin.testscript.ListNursery@5ace1ed4]" started-at="2021-07-02T15:00:04 IST" name="testReportResult" finished-at="2021-07-02T15:00:05 IST" duration-ms="238" status="PASS">
          <params>
            <param index="0">
              <value>
                <![CDATA[[TestResult name=filterByNurseryNameAndPhone status=SUCCESS method=ListNursery.filterByNurseryNameAndPhone()[pri:5, instance:com.bounceadmin.testscript.ListNursery@5ace1ed4] output={null}]]]>
              </value>
            </param>
          </params>
          <reporter-output>
          </reporter-output>
        </test-method> <!-- testReportResult -->
        <test-method signature="filterByNurseryNameAndAccess()[pri:6, instance:com.bounceadmin.testscript.ListNursery@5ace1ed4]" started-at="2021-07-02T15:00:05 IST" name="filterByNurseryNameAndAccess" finished-at="2021-07-02T15:00:08 IST" duration-ms="3090" status="PASS">
          <reporter-output>
          </reporter-output>
        </test-method> <!-- filterByNurseryNameAndAccess -->
        <test-method is-config="true" signature="testReportResult(org.testng.ITestResult)[pri:0, instance:com.bounceadmin.testscript.ListNursery@5ace1ed4]" started-at="2021-07-02T15:00:08 IST" name="testReportResult" finished-at="2021-07-02T15:00:08 IST" duration-ms="177" status="PASS">
          <params>
            <param index="0">
              <value>
                <![CDATA[[TestResult name=filterByNurseryNameAndAccess status=SUCCESS method=ListNursery.filterByNurseryNameAndAccess()[pri:6, instance:com.bounceadmin.testscript.ListNursery@5ace1ed4] output={null}]]]>
              </value>
            </param>
          </params>
          <reporter-output>
          </reporter-output>
        </test-method> <!-- testReportResult -->
        <test-method signature="filterByStatusAndEmail()[pri:7, instance:com.bounceadmin.testscript.ListNursery@5ace1ed4]" started-at="2021-07-02T15:00:08 IST" name="filterByStatusAndEmail" finished-at="2021-07-02T15:00:10 IST" duration-ms="2509" status="PASS">
          <reporter-output>
          </reporter-output>
        </test-method> <!-- filterByStatusAndEmail -->
        <test-method is-config="true" signature="testReportResult(org.testng.ITestResult)[pri:0, instance:com.bounceadmin.testscript.ListNursery@5ace1ed4]" started-at="2021-07-02T15:00:10 IST" name="testReportResult" finished-at="2021-07-02T15:00:11 IST" duration-ms="230" status="PASS">
          <params>
            <param index="0">
              <value>
                <![CDATA[[TestResult name=filterByStatusAndEmail status=SUCCESS method=ListNursery.filterByStatusAndEmail()[pri:7, instance:com.bounceadmin.testscript.ListNursery@5ace1ed4] output={null}]]]>
              </value>
            </param>
          </params>
          <reporter-output>
          </reporter-output>
        </test-method> <!-- testReportResult -->
        <test-method signature="filterByStatusAndCountry()[pri:8, instance:com.bounceadmin.testscript.ListNursery@5ace1ed4]" started-at="2021-07-02T15:00:11 IST" name="filterByStatusAndCountry" finished-at="2021-07-02T15:00:32 IST" duration-ms="21452" status="PASS">
          <reporter-output>
          </reporter-output>
        </test-method> <!-- filterByStatusAndCountry -->
        <test-method is-config="true" signature="testReportResult(org.testng.ITestResult)[pri:0, instance:com.bounceadmin.testscript.ListNursery@5ace1ed4]" started-at="2021-07-02T15:00:32 IST" name="testReportResult" finished-at="2021-07-02T15:00:32 IST" duration-ms="173" status="PASS">
          <params>
            <param index="0">
              <value>
                <![CDATA[[TestResult name=filterByStatusAndCountry status=SUCCESS method=ListNursery.filterByStatusAndCountry()[pri:8, instance:com.bounceadmin.testscript.ListNursery@5ace1ed4] output={null}]]]>
              </value>
            </param>
          </params>
          <reporter-output>
          </reporter-output>
        </test-method> <!-- testReportResult -->
        <test-method signature="filterByStatusAndCountryCode()[pri:9, instance:com.bounceadmin.testscript.ListNursery@5ace1ed4]" started-at="2021-07-02T15:00:32 IST" name="filterByStatusAndCountryCode" finished-at="2021-07-02T15:00:44 IST" duration-ms="11902" status="PASS">
          <reporter-output>
          </reporter-output>
        </test-method> <!-- filterByStatusAndCountryCode -->
        <test-method is-config="true" signature="testReportResult(org.testng.ITestResult)[pri:0, instance:com.bounceadmin.testscript.ListNursery@5ace1ed4]" started-at="2021-07-02T15:00:44 IST" name="testReportResult" finished-at="2021-07-02T15:00:44 IST" duration-ms="183" status="PASS">
          <params>
            <param index="0">
              <value>
                <![CDATA[[TestResult name=filterByStatusAndCountryCode status=SUCCESS method=ListNursery.filterByStatusAndCountryCode()[pri:9, instance:com.bounceadmin.testscript.ListNursery@5ace1ed4] output={null}]]]>
              </value>
            </param>
          </params>
          <reporter-output>
          </reporter-output>
        </test-method> <!-- testReportResult -->
        <test-method signature="filterByStatusAndPhone()[pri:10, instance:com.bounceadmin.testscript.ListNursery@5ace1ed4]" started-at="2021-07-02T15:00:44 IST" name="filterByStatusAndPhone" finished-at="2021-07-02T15:00:48 IST" duration-ms="3125" status="PASS">
          <reporter-output>
          </reporter-output>
        </test-method> <!-- filterByStatusAndPhone -->
        <test-method is-config="true" signature="testReportResult(org.testng.ITestResult)[pri:0, instance:com.bounceadmin.testscript.ListNursery@5ace1ed4]" started-at="2021-07-02T15:00:48 IST" name="testReportResult" finished-at="2021-07-02T15:00:48 IST" duration-ms="273" status="PASS">
          <params>
            <param index="0">
              <value>
                <![CDATA[[TestResult name=filterByStatusAndPhone status=SUCCESS method=ListNursery.filterByStatusAndPhone()[pri:10, instance:com.bounceadmin.testscript.ListNursery@5ace1ed4] output={null}]]]>
              </value>
            </param>
          </params>
          <reporter-output>
          </reporter-output>
        </test-method> <!-- testReportResult -->
        <test-method signature="filterByStatusAndAccess()[pri:11, instance:com.bounceadmin.testscript.ListNursery@5ace1ed4]" started-at="2021-07-02T15:00:48 IST" name="filterByStatusAndAccess" finished-at="2021-07-02T15:01:31 IST" duration-ms="42883" status="PASS">
          <reporter-output>
          </reporter-output>
        </test-method> <!-- filterByStatusAndAccess -->
        <test-method is-config="true" signature="testReportResult(org.testng.ITestResult)[pri:0, instance:com.bounceadmin.testscript.ListNursery@5ace1ed4]" started-at="2021-07-02T15:01:31 IST" name="testReportResult" finished-at="2021-07-02T15:01:31 IST" duration-ms="245" status="PASS">
          <params>
            <param index="0">
              <value>
                <![CDATA[[TestResult name=filterByStatusAndAccess status=SUCCESS method=ListNursery.filterByStatusAndAccess()[pri:11, instance:com.bounceadmin.testscript.ListNursery@5ace1ed4] output={null}]]]>
              </value>
            </param>
          </params>
          <reporter-output>
          </reporter-output>
        </test-method> <!-- testReportResult -->
        <test-method signature="filterByEmailAndCountry()[pri:12, instance:com.bounceadmin.testscript.ListNursery@5ace1ed4]" started-at="2021-07-02T15:01:31 IST" name="filterByEmailAndCountry" finished-at="2021-07-02T15:01:34 IST" duration-ms="2922" status="PASS">
          <reporter-output>
          </reporter-output>
        </test-method> <!-- filterByEmailAndCountry -->
        <test-method is-config="true" signature="testReportResult(org.testng.ITestResult)[pri:0, instance:com.bounceadmin.testscript.ListNursery@5ace1ed4]" started-at="2021-07-02T15:01:34 IST" name="testReportResult" finished-at="2021-07-02T15:01:34 IST" duration-ms="226" status="PASS">
          <params>
            <param index="0">
              <value>
                <![CDATA[[TestResult name=filterByEmailAndCountry status=SUCCESS method=ListNursery.filterByEmailAndCountry()[pri:12, instance:com.bounceadmin.testscript.ListNursery@5ace1ed4] output={null}]]]>
              </value>
            </param>
          </params>
          <reporter-output>
          </reporter-output>
        </test-method> <!-- testReportResult -->
        <test-method signature="filterByEmailAndCountryCode()[pri:13, instance:com.bounceadmin.testscript.ListNursery@5ace1ed4]" started-at="2021-07-02T15:01:34 IST" name="filterByEmailAndCountryCode" finished-at="2021-07-02T15:01:37 IST" duration-ms="2950" status="PASS">
          <reporter-output>
          </reporter-output>
        </test-method> <!-- filterByEmailAndCountryCode -->
        <test-method is-config="true" signature="testReportResult(org.testng.ITestResult)[pri:0, instance:com.bounceadmin.testscript.ListNursery@5ace1ed4]" started-at="2021-07-02T15:01:37 IST" name="testReportResult" finished-at="2021-07-02T15:01:37 IST" duration-ms="258" status="PASS">
          <params>
            <param index="0">
              <value>
                <![CDATA[[TestResult name=filterByEmailAndCountryCode status=SUCCESS method=ListNursery.filterByEmailAndCountryCode()[pri:13, instance:com.bounceadmin.testscript.ListNursery@5ace1ed4] output={null}]]]>
              </value>
            </param>
          </params>
          <reporter-output>
          </reporter-output>
        </test-method> <!-- testReportResult -->
        <test-method signature="filterByEmailAndPhone()[pri:14, instance:com.bounceadmin.testscript.ListNursery@5ace1ed4]" started-at="2021-07-02T15:01:37 IST" name="filterByEmailAndPhone" finished-at="2021-07-02T15:01:40 IST" duration-ms="2764" status="PASS">
          <reporter-output>
          </reporter-output>
        </test-method> <!-- filterByEmailAndPhone -->
        <test-method is-config="true" signature="testReportResult(org.testng.ITestResult)[pri:0, instance:com.bounceadmin.testscript.ListNursery@5ace1ed4]" started-at="2021-07-02T15:01:40 IST" name="testReportResult" finished-at="2021-07-02T15:01:40 IST" duration-ms="195" status="PASS">
          <params>
            <param index="0">
              <value>
                <![CDATA[[TestResult name=filterByEmailAndPhone status=SUCCESS method=ListNursery.filterByEmailAndPhone()[pri:14, instance:com.bounceadmin.testscript.ListNursery@5ace1ed4] output={null}]]]>
              </value>
            </param>
          </params>
          <reporter-output>
          </reporter-output>
        </test-method> <!-- testReportResult -->
        <test-method signature="filterByEmailAndAccess()[pri:15, instance:com.bounceadmin.testscript.ListNursery@5ace1ed4]" started-at="2021-07-02T15:01:40 IST" name="filterByEmailAndAccess" finished-at="2021-07-02T15:01:43 IST" duration-ms="2908" status="PASS">
          <reporter-output>
          </reporter-output>
        </test-method> <!-- filterByEmailAndAccess -->
        <test-method is-config="true" signature="testReportResult(org.testng.ITestResult)[pri:0, instance:com.bounceadmin.testscript.ListNursery@5ace1ed4]" started-at="2021-07-02T15:01:43 IST" name="testReportResult" finished-at="2021-07-02T15:01:43 IST" duration-ms="229" status="PASS">
          <params>
            <param index="0">
              <value>
                <![CDATA[[TestResult name=filterByEmailAndAccess status=SUCCESS method=ListNursery.filterByEmailAndAccess()[pri:15, instance:com.bounceadmin.testscript.ListNursery@5ace1ed4] output={null}]]]>
              </value>
            </param>
          </params>
          <reporter-output>
          </reporter-output>
        </test-method> <!-- testReportResult -->
        <test-method signature="filterByCountryAndCountryCode()[pri:16, instance:com.bounceadmin.testscript.ListNursery@5ace1ed4]" started-at="2021-07-02T15:01:43 IST" name="filterByCountryAndCountryCode" finished-at="2021-07-02T15:02:04 IST" duration-ms="20902" status="PASS">
          <reporter-output>
          </reporter-output>
        </test-method> <!-- filterByCountryAndCountryCode -->
        <test-method is-config="true" signature="testReportResult(org.testng.ITestResult)[pri:0, instance:com.bounceadmin.testscript.ListNursery@5ace1ed4]" started-at="2021-07-02T15:02:04 IST" name="testReportResult" finished-at="2021-07-02T15:02:05 IST" duration-ms="270" status="PASS">
          <params>
            <param index="0">
              <value>
                <![CDATA[[TestResult name=filterByCountryAndCountryCode status=SUCCESS method=ListNursery.filterByCountryAndCountryCode()[pri:16, instance:com.bounceadmin.testscript.ListNursery@5ace1ed4] output={null}]]]>
              </value>
            </param>
          </params>
          <reporter-output>
          </reporter-output>
        </test-method> <!-- testReportResult -->
        <test-method signature="filterByCountryAndPhone()[pri:17, instance:com.bounceadmin.testscript.ListNursery@5ace1ed4]" started-at="2021-07-02T15:02:05 IST" name="filterByCountryAndPhone" finished-at="2021-07-02T15:02:08 IST" duration-ms="3406" status="PASS">
          <reporter-output>
          </reporter-output>
        </test-method> <!-- filterByCountryAndPhone -->
        <test-method is-config="true" signature="testReportResult(org.testng.ITestResult)[pri:0, instance:com.bounceadmin.testscript.ListNursery@5ace1ed4]" started-at="2021-07-02T15:02:08 IST" name="testReportResult" finished-at="2021-07-02T15:02:08 IST" duration-ms="159" status="PASS">
          <params>
            <param index="0">
              <value>
                <![CDATA[[TestResult name=filterByCountryAndPhone status=SUCCESS method=ListNursery.filterByCountryAndPhone()[pri:17, instance:com.bounceadmin.testscript.ListNursery@5ace1ed4] output={null}]]]>
              </value>
            </param>
          </params>
          <reporter-output>
          </reporter-output>
        </test-method> <!-- testReportResult -->
        <test-method signature="filterByCountryAndAccess()[pri:18, instance:com.bounceadmin.testscript.ListNursery@5ace1ed4]" started-at="2021-07-02T15:02:08 IST" name="filterByCountryAndAccess" finished-at="2021-07-02T15:02:41 IST" duration-ms="32660" status="PASS">
          <reporter-output>
          </reporter-output>
        </test-method> <!-- filterByCountryAndAccess -->
        <test-method is-config="true" signature="testReportResult(org.testng.ITestResult)[pri:0, instance:com.bounceadmin.testscript.ListNursery@5ace1ed4]" started-at="2021-07-02T15:02:41 IST" name="testReportResult" finished-at="2021-07-02T15:02:41 IST" duration-ms="248" status="PASS">
          <params>
            <param index="0">
              <value>
                <![CDATA[[TestResult name=filterByCountryAndAccess status=SUCCESS method=ListNursery.filterByCountryAndAccess()[pri:18, instance:com.bounceadmin.testscript.ListNursery@5ace1ed4] output={null}]]]>
              </value>
            </param>
          </params>
          <reporter-output>
          </reporter-output>
        </test-method> <!-- testReportResult -->
        <test-method signature="filterByCountryCodeAndPhone()[pri:19, instance:com.bounceadmin.testscript.ListNursery@5ace1ed4]" started-at="2021-07-02T15:02:41 IST" name="filterByCountryCodeAndPhone" finished-at="2021-07-02T15:02:44 IST" duration-ms="2788" status="PASS">
          <reporter-output>
          </reporter-output>
        </test-method> <!-- filterByCountryCodeAndPhone -->
        <test-method is-config="true" signature="testReportResult(org.testng.ITestResult)[pri:0, instance:com.bounceadmin.testscript.ListNursery@5ace1ed4]" started-at="2021-07-02T15:02:44 IST" name="testReportResult" finished-at="2021-07-02T15:02:44 IST" duration-ms="261" status="PASS">
          <params>
            <param index="0">
              <value>
                <![CDATA[[TestResult name=filterByCountryCodeAndPhone status=SUCCESS method=ListNursery.filterByCountryCodeAndPhone()[pri:19, instance:com.bounceadmin.testscript.ListNursery@5ace1ed4] output={null}]]]>
              </value>
            </param>
          </params>
          <reporter-output>
          </reporter-output>
        </test-method> <!-- testReportResult -->
        <test-method signature="filterByCountryCodeAndAccess()[pri:20, instance:com.bounceadmin.testscript.ListNursery@5ace1ed4]" started-at="2021-07-02T15:02:44 IST" name="filterByCountryCodeAndAccess" finished-at="2021-07-02T15:03:06 IST" duration-ms="21820" status="PASS">
          <reporter-output>
          </reporter-output>
        </test-method> <!-- filterByCountryCodeAndAccess -->
        <test-method is-config="true" signature="testReportResult(org.testng.ITestResult)[pri:0, instance:com.bounceadmin.testscript.ListNursery@5ace1ed4]" started-at="2021-07-02T15:03:06 IST" name="testReportResult" finished-at="2021-07-02T15:03:06 IST" duration-ms="282" status="PASS">
          <params>
            <param index="0">
              <value>
                <![CDATA[[TestResult name=filterByCountryCodeAndAccess status=SUCCESS method=ListNursery.filterByCountryCodeAndAccess()[pri:20, instance:com.bounceadmin.testscript.ListNursery@5ace1ed4] output={null}]]]>
              </value>
            </param>
          </params>
          <reporter-output>
          </reporter-output>
        </test-method> <!-- testReportResult -->
        <test-method signature="filterByPhoneAndAccess()[pri:21, instance:com.bounceadmin.testscript.ListNursery@5ace1ed4]" started-at="2021-07-02T15:03:06 IST" name="filterByPhoneAndAccess" finished-at="2021-07-02T15:03:09 IST" duration-ms="3013" status="PASS">
          <reporter-output>
          </reporter-output>
        </test-method> <!-- filterByPhoneAndAccess -->
        <test-method is-config="true" signature="testReportResult(org.testng.ITestResult)[pri:0, instance:com.bounceadmin.testscript.ListNursery@5ace1ed4]" started-at="2021-07-02T15:03:09 IST" name="testReportResult" finished-at="2021-07-02T15:03:09 IST" duration-ms="218" status="PASS">
          <params>
            <param index="0">
              <value>
                <![CDATA[[TestResult name=filterByPhoneAndAccess status=SUCCESS method=ListNursery.filterByPhoneAndAccess()[pri:21, instance:com.bounceadmin.testscript.ListNursery@5ace1ed4] output={null}]]]>
              </value>
            </param>
          </params>
          <reporter-output>
          </reporter-output>
        </test-method> <!-- testReportResult -->
        <test-method signature="filterByNurseryNameStatusAndEmail()[pri:22, instance:com.bounceadmin.testscript.ListNursery@5ace1ed4]" started-at="2021-07-02T15:03:09 IST" name="filterByNurseryNameStatusAndEmail" finished-at="2021-07-02T15:03:13 IST" duration-ms="3441" status="PASS">
          <reporter-output>
          </reporter-output>
        </test-method> <!-- filterByNurseryNameStatusAndEmail -->
        <test-method is-config="true" signature="testReportResult(org.testng.ITestResult)[pri:0, instance:com.bounceadmin.testscript.ListNursery@5ace1ed4]" started-at="2021-07-02T15:03:13 IST" name="testReportResult" finished-at="2021-07-02T15:03:13 IST" duration-ms="233" status="PASS">
          <params>
            <param index="0">
              <value>
                <![CDATA[[TestResult name=filterByNurseryNameStatusAndEmail status=SUCCESS method=ListNursery.filterByNurseryNameStatusAndEmail()[pri:22, instance:com.bounceadmin.testscript.ListNursery@5ace1ed4] output={null}]]]>
              </value>
            </param>
          </params>
          <reporter-output>
          </reporter-output>
        </test-method> <!-- testReportResult -->
        <test-method signature="filterByNurseryNameStatusAndCountry()[pri:23, instance:com.bounceadmin.testscript.ListNursery@5ace1ed4]" started-at="2021-07-02T15:03:13 IST" name="filterByNurseryNameStatusAndCountry" finished-at="2021-07-02T15:03:16 IST" duration-ms="3097" status="PASS">
          <reporter-output>
          </reporter-output>
        </test-method> <!-- filterByNurseryNameStatusAndCountry -->
        <test-method is-config="true" signature="testReportResult(org.testng.ITestResult)[pri:0, instance:com.bounceadmin.testscript.ListNursery@5ace1ed4]" started-at="2021-07-02T15:03:16 IST" name="testReportResult" finished-at="2021-07-02T15:03:16 IST" duration-ms="137" status="PASS">
          <params>
            <param index="0">
              <value>
                <![CDATA[[TestResult name=filterByNurseryNameStatusAndCountry status=SUCCESS method=ListNursery.filterByNurseryNameStatusAndCountry()[pri:23, instance:com.bounceadmin.testscript.ListNursery@5ace1ed4] output={null}]]]>
              </value>
            </param>
          </params>
          <reporter-output>
          </reporter-output>
        </test-method> <!-- testReportResult -->
        <test-method signature="filterByNurseryNameStatusAndCountryCode()[pri:24, instance:com.bounceadmin.testscript.ListNursery@5ace1ed4]" started-at="2021-07-02T15:03:16 IST" name="filterByNurseryNameStatusAndCountryCode" finished-at="2021-07-02T15:03:19 IST" duration-ms="3147" status="PASS">
          <reporter-output>
          </reporter-output>
        </test-method> <!-- filterByNurseryNameStatusAndCountryCode -->
        <test-method is-config="true" signature="testReportResult(org.testng.ITestResult)[pri:0, instance:com.bounceadmin.testscript.ListNursery@5ace1ed4]" started-at="2021-07-02T15:03:19 IST" name="testReportResult" finished-at="2021-07-02T15:03:20 IST" duration-ms="281" status="PASS">
          <params>
            <param index="0">
              <value>
                <![CDATA[[TestResult name=filterByNurseryNameStatusAndCountryCode status=SUCCESS method=ListNursery.filterByNurseryNameStatusAndCountryCode()[pri:24, instance:com.bounceadmin.testscript.ListNursery@5ace1ed4] output={null}]]]>
              </value>
            </param>
          </params>
          <reporter-output>
          </reporter-output>
        </test-method> <!-- testReportResult -->
        <test-method signature="filterByNurseryNameStatusAndPhone()[pri:25, instance:com.bounceadmin.testscript.ListNursery@5ace1ed4]" started-at="2021-07-02T15:03:20 IST" name="filterByNurseryNameStatusAndPhone" finished-at="2021-07-02T15:03:23 IST" duration-ms="3371" status="PASS">
          <reporter-output>
          </reporter-output>
        </test-method> <!-- filterByNurseryNameStatusAndPhone -->
        <test-method is-config="true" signature="testReportResult(org.testng.ITestResult)[pri:0, instance:com.bounceadmin.testscript.ListNursery@5ace1ed4]" started-at="2021-07-02T15:03:23 IST" name="testReportResult" finished-at="2021-07-02T15:03:23 IST" duration-ms="273" status="PASS">
          <params>
            <param index="0">
              <value>
                <![CDATA[[TestResult name=filterByNurseryNameStatusAndPhone status=SUCCESS method=ListNursery.filterByNurseryNameStatusAndPhone()[pri:25, instance:com.bounceadmin.testscript.ListNursery@5ace1ed4] output={null}]]]>
              </value>
            </param>
          </params>
          <reporter-output>
          </reporter-output>
        </test-method> <!-- testReportResult -->
        <test-method signature="filterByNurseryNameStatusAndAccess()[pri:26, instance:com.bounceadmin.testscript.ListNursery@5ace1ed4]" started-at="2021-07-02T15:03:23 IST" name="filterByNurseryNameStatusAndAccess" finished-at="2021-07-02T15:03:27 IST" duration-ms="3374" status="PASS">
          <reporter-output>
          </reporter-output>
        </test-method> <!-- filterByNurseryNameStatusAndAccess -->
        <test-method is-config="true" signature="testReportResult(org.testng.ITestResult)[pri:0, instance:com.bounceadmin.testscript.ListNursery@5ace1ed4]" started-at="2021-07-02T15:03:27 IST" name="testReportResult" finished-at="2021-07-02T15:03:27 IST" duration-ms="223" status="PASS">
          <params>
            <param index="0">
              <value>
                <![CDATA[[TestResult name=filterByNurseryNameStatusAndAccess status=SUCCESS method=ListNursery.filterByNurseryNameStatusAndAccess()[pri:26, instance:com.bounceadmin.testscript.ListNursery@5ace1ed4] output={null}]]]>
              </value>
            </param>
          </params>
          <reporter-output>
          </reporter-output>
        </test-method> <!-- testReportResult -->
        <test-method signature="filterByNameEmailAndCountry()[pri:27, instance:com.bounceadmin.testscript.ListNursery@5ace1ed4]" started-at="2021-07-02T15:03:27 IST" name="filterByNameEmailAndCountry" finished-at="2021-07-02T15:03:30 IST" duration-ms="3462" status="PASS">
          <reporter-output>
          </reporter-output>
        </test-method> <!-- filterByNameEmailAndCountry -->
        <test-method is-config="true" signature="testReportResult(org.testng.ITestResult)[pri:0, instance:com.bounceadmin.testscript.ListNursery@5ace1ed4]" started-at="2021-07-02T15:03:30 IST" name="testReportResult" finished-at="2021-07-02T15:03:31 IST" duration-ms="216" status="PASS">
          <params>
            <param index="0">
              <value>
                <![CDATA[[TestResult name=filterByNameEmailAndCountry status=SUCCESS method=ListNursery.filterByNameEmailAndCountry()[pri:27, instance:com.bounceadmin.testscript.ListNursery@5ace1ed4] output={null}]]]>
              </value>
            </param>
          </params>
          <reporter-output>
          </reporter-output>
        </test-method> <!-- testReportResult -->
        <test-method signature="filterByNameEmailAndCountryCode()[pri:28, instance:com.bounceadmin.testscript.ListNursery@5ace1ed4]" started-at="2021-07-02T15:03:31 IST" name="filterByNameEmailAndCountryCode" finished-at="2021-07-02T15:03:34 IST" duration-ms="3548" status="PASS">
          <reporter-output>
          </reporter-output>
        </test-method> <!-- filterByNameEmailAndCountryCode -->
        <test-method is-config="true" signature="testReportResult(org.testng.ITestResult)[pri:0, instance:com.bounceadmin.testscript.ListNursery@5ace1ed4]" started-at="2021-07-02T15:03:34 IST" name="testReportResult" finished-at="2021-07-02T15:03:34 IST" duration-ms="211" status="PASS">
          <params>
            <param index="0">
              <value>
                <![CDATA[[TestResult name=filterByNameEmailAndCountryCode status=SUCCESS method=ListNursery.filterByNameEmailAndCountryCode()[pri:28, instance:com.bounceadmin.testscript.ListNursery@5ace1ed4] output={null}]]]>
              </value>
            </param>
          </params>
          <reporter-output>
          </reporter-output>
        </test-method> <!-- testReportResult -->
        <test-method signature="filterByNameEmailAndPhone()[pri:29, instance:com.bounceadmin.testscript.ListNursery@5ace1ed4]" started-at="2021-07-02T15:03:34 IST" name="filterByNameEmailAndPhone" finished-at="2021-07-02T15:03:38 IST" duration-ms="3454" status="PASS">
          <reporter-output>
          </reporter-output>
        </test-method> <!-- filterByNameEmailAndPhone -->
        <test-method is-config="true" signature="testReportResult(org.testng.ITestResult)[pri:0, instance:com.bounceadmin.testscript.ListNursery@5ace1ed4]" started-at="2021-07-02T15:03:38 IST" name="testReportResult" finished-at="2021-07-02T15:03:38 IST" duration-ms="140" status="PASS">
          <params>
            <param index="0">
              <value>
                <![CDATA[[TestResult name=filterByNameEmailAndPhone status=SUCCESS method=ListNursery.filterByNameEmailAndPhone()[pri:29, instance:com.bounceadmin.testscript.ListNursery@5ace1ed4] output={null}]]]>
              </value>
            </param>
          </params>
          <reporter-output>
          </reporter-output>
        </test-method> <!-- testReportResult -->
        <test-method signature="filterByStatusEmailAndCountry()[pri:30, instance:com.bounceadmin.testscript.ListNursery@5ace1ed4]" started-at="2021-07-02T15:03:38 IST" name="filterByStatusEmailAndCountry" finished-at="2021-07-02T15:03:41 IST" duration-ms="3361" status="PASS">
          <reporter-output>
          </reporter-output>
        </test-method> <!-- filterByStatusEmailAndCountry -->
        <test-method is-config="true" signature="testReportResult(org.testng.ITestResult)[pri:0, instance:com.bounceadmin.testscript.ListNursery@5ace1ed4]" started-at="2021-07-02T15:03:41 IST" name="testReportResult" finished-at="2021-07-02T15:03:42 IST" duration-ms="209" status="PASS">
          <params>
            <param index="0">
              <value>
                <![CDATA[[TestResult name=filterByStatusEmailAndCountry status=SUCCESS method=ListNursery.filterByStatusEmailAndCountry()[pri:30, instance:com.bounceadmin.testscript.ListNursery@5ace1ed4] output={null}]]]>
              </value>
            </param>
          </params>
          <reporter-output>
          </reporter-output>
        </test-method> <!-- testReportResult -->
        <test-method signature="filterByStatusCountryAndCountryCode()[pri:31, instance:com.bounceadmin.testscript.ListNursery@5ace1ed4]" started-at="2021-07-02T15:03:42 IST" name="filterByStatusCountryAndCountryCode" finished-at="2021-07-02T15:04:00 IST" duration-ms="18273" status="PASS">
          <reporter-output>
          </reporter-output>
        </test-method> <!-- filterByStatusCountryAndCountryCode -->
        <test-method is-config="true" signature="testReportResult(org.testng.ITestResult)[pri:0, instance:com.bounceadmin.testscript.ListNursery@5ace1ed4]" started-at="2021-07-02T15:04:00 IST" name="testReportResult" finished-at="2021-07-02T15:04:00 IST" duration-ms="265" status="PASS">
          <params>
            <param index="0">
              <value>
                <![CDATA[[TestResult name=filterByStatusCountryAndCountryCode status=SUCCESS method=ListNursery.filterByStatusCountryAndCountryCode()[pri:31, instance:com.bounceadmin.testscript.ListNursery@5ace1ed4] output={null}]]]>
              </value>
            </param>
          </params>
          <reporter-output>
          </reporter-output>
        </test-method> <!-- testReportResult -->
        <test-method signature="filterByStatusCountryAndPhone()[pri:32, instance:com.bounceadmin.testscript.ListNursery@5ace1ed4]" started-at="2021-07-02T15:04:00 IST" name="filterByStatusCountryAndPhone" finished-at="2021-07-02T15:04:03 IST" duration-ms="3168" status="PASS">
          <reporter-output>
          </reporter-output>
        </test-method> <!-- filterByStatusCountryAndPhone -->
        <test-method is-config="true" signature="testReportResult(org.testng.ITestResult)[pri:0, instance:com.bounceadmin.testscript.ListNursery@5ace1ed4]" started-at="2021-07-02T15:04:03 IST" name="testReportResult" finished-at="2021-07-02T15:04:04 IST" duration-ms="257" status="PASS">
          <params>
            <param index="0">
              <value>
                <![CDATA[[TestResult name=filterByStatusCountryAndPhone status=SUCCESS method=ListNursery.filterByStatusCountryAndPhone()[pri:32, instance:com.bounceadmin.testscript.ListNursery@5ace1ed4] output={null}]]]>
              </value>
            </param>
          </params>
          <reporter-output>
          </reporter-output>
        </test-method> <!-- testReportResult -->
        <test-method signature="filterByNameCountryAndPhone()[pri:33, instance:com.bounceadmin.testscript.ListNursery@5ace1ed4]" started-at="2021-07-02T15:04:04 IST" name="filterByNameCountryAndPhone" finished-at="2021-07-02T15:04:07 IST" duration-ms="3306" status="PASS">
          <reporter-output>
          </reporter-output>
        </test-method> <!-- filterByNameCountryAndPhone -->
        <test-method is-config="true" signature="testReportResult(org.testng.ITestResult)[pri:0, instance:com.bounceadmin.testscript.ListNursery@5ace1ed4]" started-at="2021-07-02T15:04:07 IST" name="testReportResult" finished-at="2021-07-02T15:04:07 IST" duration-ms="274" status="PASS">
          <params>
            <param index="0">
              <value>
                <![CDATA[[TestResult name=filterByNameCountryAndPhone status=SUCCESS method=ListNursery.filterByNameCountryAndPhone()[pri:33, instance:com.bounceadmin.testscript.ListNursery@5ace1ed4] output={null}]]]>
              </value>
            </param>
          </params>
          <reporter-output>
          </reporter-output>
        </test-method> <!-- testReportResult -->
        <test-method signature="filterByEmailCountryAndPhone()[pri:34, instance:com.bounceadmin.testscript.ListNursery@5ace1ed4]" started-at="2021-07-02T15:04:07 IST" name="filterByEmailCountryAndPhone" finished-at="2021-07-02T15:04:11 IST" duration-ms="3466" status="PASS">
          <reporter-output>
          </reporter-output>
        </test-method> <!-- filterByEmailCountryAndPhone -->
        <test-method is-config="true" signature="testReportResult(org.testng.ITestResult)[pri:0, instance:com.bounceadmin.testscript.ListNursery@5ace1ed4]" started-at="2021-07-02T15:04:11 IST" name="testReportResult" finished-at="2021-07-02T15:04:11 IST" duration-ms="254" status="PASS">
          <params>
            <param index="0">
              <value>
                <![CDATA[[TestResult name=filterByEmailCountryAndPhone status=SUCCESS method=ListNursery.filterByEmailCountryAndPhone()[pri:34, instance:com.bounceadmin.testscript.ListNursery@5ace1ed4] output={null}]]]>
              </value>
            </param>
          </params>
          <reporter-output>
          </reporter-output>
        </test-method> <!-- testReportResult -->
        <test-method signature="filterNurseryByNameEmailCountryAndPhone()[pri:35, instance:com.bounceadmin.testscript.ListNursery@5ace1ed4]" started-at="2021-07-02T15:04:11 IST" name="filterNurseryByNameEmailCountryAndPhone" finished-at="2021-07-02T15:04:14 IST" duration-ms="3261" status="PASS">
          <reporter-output>
          </reporter-output>
        </test-method> <!-- filterNurseryByNameEmailCountryAndPhone -->
        <test-method is-config="true" signature="testReportResult(org.testng.ITestResult)[pri:0, instance:com.bounceadmin.testscript.ListNursery@5ace1ed4]" started-at="2021-07-02T15:04:14 IST" name="testReportResult" finished-at="2021-07-02T15:04:14 IST" duration-ms="256" status="PASS">
          <params>
            <param index="0">
              <value>
                <![CDATA[[TestResult name=filterNurseryByNameEmailCountryAndPhone status=SUCCESS method=ListNursery.filterNurseryByNameEmailCountryAndPhone()[pri:35, instance:com.bounceadmin.testscript.ListNursery@5ace1ed4] output={null}]]]>
              </value>
            </param>
          </params>
          <reporter-output>
          </reporter-output>
        </test-method> <!-- testReportResult -->
        <test-method signature="filterNurseryByNameEmailCountryCountrycodeAndPhone()[pri:36, instance:com.bounceadmin.testscript.ListNursery@5ace1ed4]" started-at="2021-07-02T15:04:14 IST" name="filterNurseryByNameEmailCountryCountrycodeAndPhone" finished-at="2021-07-02T15:04:18 IST" duration-ms="3231" status="PASS">
          <reporter-output>
          </reporter-output>
        </test-method> <!-- filterNurseryByNameEmailCountryCountrycodeAndPhone -->
        <test-method is-config="true" signature="testReportResult(org.testng.ITestResult)[pri:0, instance:com.bounceadmin.testscript.ListNursery@5ace1ed4]" started-at="2021-07-02T15:04:18 IST" name="testReportResult" finished-at="2021-07-02T15:04:18 IST" duration-ms="256" status="PASS">
          <params>
            <param index="0">
              <value>
                <![CDATA[[TestResult name=filterNurseryByNameEmailCountryCountrycodeAndPhone status=SUCCESS method=ListNursery.filterNurseryByNameEmailCountryCountrycodeAndPhone()[pri:36, instance:com.bounceadmin.testscript.ListNursery@5ace1ed4] output={null}]]]>
              </value>
            </param>
          </params>
          <reporter-output>
          </reporter-output>
        </test-method> <!-- testReportResult -->
        <test-method signature="filterNurseryByNameStatusCountryPhone()[pri:37, instance:com.bounceadmin.testscript.ListNursery@5ace1ed4]" started-at="2021-07-02T15:04:18 IST" name="filterNurseryByNameStatusCountryPhone" finished-at="2021-07-02T15:04:21 IST" duration-ms="3421" status="PASS">
          <reporter-output>
          </reporter-output>
        </test-method> <!-- filterNurseryByNameStatusCountryPhone -->
        <test-method is-config="true" signature="testReportResult(org.testng.ITestResult)[pri:0, instance:com.bounceadmin.testscript.ListNursery@5ace1ed4]" started-at="2021-07-02T15:04:21 IST" name="testReportResult" finished-at="2021-07-02T15:04:22 IST" duration-ms="231" status="PASS">
          <params>
            <param index="0">
              <value>
                <![CDATA[[TestResult name=filterNurseryByNameStatusCountryPhone status=SUCCESS method=ListNursery.filterNurseryByNameStatusCountryPhone()[pri:37, instance:com.bounceadmin.testscript.ListNursery@5ace1ed4] output={null}]]]>
              </value>
            </param>
          </params>
          <reporter-output>
          </reporter-output>
        </test-method> <!-- testReportResult -->
        <test-method signature="filterNurseryByNameStatusEmailCountryCountrycodeAndPhone()[pri:38, instance:com.bounceadmin.testscript.ListNursery@5ace1ed4]" started-at="2021-07-02T15:04:22 IST" name="filterNurseryByNameStatusEmailCountryCountrycodeAndPhone" finished-at="2021-07-02T15:04:25 IST" duration-ms="3346" status="PASS">
          <reporter-output>
          </reporter-output>
        </test-method> <!-- filterNurseryByNameStatusEmailCountryCountrycodeAndPhone -->
        <test-method is-config="true" signature="testReportResult(org.testng.ITestResult)[pri:0, instance:com.bounceadmin.testscript.ListNursery@5ace1ed4]" started-at="2021-07-02T15:04:25 IST" name="testReportResult" finished-at="2021-07-02T15:04:25 IST" duration-ms="260" status="PASS">
          <params>
            <param index="0">
              <value>
                <![CDATA[[TestResult name=filterNurseryByNameStatusEmailCountryCountrycodeAndPhone status=SUCCESS method=ListNursery.filterNurseryByNameStatusEmailCountryCountrycodeAndPhone()[pri:38, instance:com.bounceadmin.testscript.ListNursery@5ace1ed4] output={null}]]]>
              </value>
            </param>
          </params>
          <reporter-output>
          </reporter-output>
        </test-method> <!-- testReportResult -->
        <test-method signature="filterNurseryByStatusEmailCountryCountryCodeAndPhone()[pri:39, instance:com.bounceadmin.testscript.ListNursery@5ace1ed4]" started-at="2021-07-02T15:04:25 IST" name="filterNurseryByStatusEmailCountryCountryCodeAndPhone" finished-at="2021-07-02T15:04:29 IST" duration-ms="3417" status="PASS">
          <reporter-output>
          </reporter-output>
        </test-method> <!-- filterNurseryByStatusEmailCountryCountryCodeAndPhone -->
        <test-method is-config="true" signature="testReportResult(org.testng.ITestResult)[pri:0, instance:com.bounceadmin.testscript.ListNursery@5ace1ed4]" started-at="2021-07-02T15:04:29 IST" name="testReportResult" finished-at="2021-07-02T15:04:29 IST" duration-ms="236" status="PASS">
          <params>
            <param index="0">
              <value>
                <![CDATA[[TestResult name=filterNurseryByStatusEmailCountryCountryCodeAndPhone status=SUCCESS method=ListNursery.filterNurseryByStatusEmailCountryCountryCodeAndPhone()[pri:39, instance:com.bounceadmin.testscript.ListNursery@5ace1ed4] output={null}]]]>
              </value>
            </param>
          </params>
          <reporter-output>
          </reporter-output>
        </test-method> <!-- testReportResult -->
        <test-method signature="filterNurseryList()[pri:40, instance:com.bounceadmin.testscript.ListNursery@5ace1ed4]" started-at="2021-07-02T15:04:29 IST" name="filterNurseryList" finished-at="2021-07-02T15:04:32 IST" duration-ms="3086" status="PASS">
          <reporter-output>
          </reporter-output>
        </test-method> <!-- filterNurseryList -->
        <test-method is-config="true" signature="testReportResult(org.testng.ITestResult)[pri:0, instance:com.bounceadmin.testscript.ListNursery@5ace1ed4]" started-at="2021-07-02T15:04:32 IST" name="testReportResult" finished-at="2021-07-02T15:04:32 IST" duration-ms="148" status="PASS">
          <params>
            <param index="0">
              <value>
                <![CDATA[[TestResult name=filterNurseryList status=SUCCESS method=ListNursery.filterNurseryList()[pri:40, instance:com.bounceadmin.testscript.ListNursery@5ace1ed4] output={null}]]]>
              </value>
            </param>
          </params>
          <reporter-output>
          </reporter-output>
        </test-method> <!-- testReportResult -->
        <test-method is-config="true" signature="signOt()[pri:0, instance:com.bounceadmin.testscript.ListNursery@5ace1ed4]" started-at="2021-07-02T15:04:32 IST" name="signOt" finished-at="2021-07-02T15:04:33 IST" duration-ms="455" status="PASS">
          <reporter-output>
          </reporter-output>
        </test-method> <!-- signOt -->
        <test-method is-config="true" signature="tearDown()[pri:0, instance:com.bounceadmin.testscript.ListNursery@5ace1ed4]" started-at="2021-07-02T15:04:33 IST" name="tearDown" finished-at="2021-07-02T15:04:35 IST" duration-ms="1957" status="PASS">
          <reporter-output>
          </reporter-output>
        </test-method> <!-- tearDown -->
      </class> <!-- com.bounceadmin.testscript.ListNursery -->
    </test> <!-- Default test -->
  </suite> <!-- Default suite -->
</testng-results>
